<?xml version="1.0" encoding="UTF-8"?>
<!-- Generated by org.testng.reporters.JUnitXMLReporter -->
<testsuite ignored="0" hostname="DESKTOP-NIF8HM7" failures="1" tests="1" name="Chrome Test" time="17.06" errors="0" timestamp="2025-10-16T15:09:51 IST">
  <testcase classname="com.next.test.LoginTest" name="loginWithValidCredentials" time="9.951">
    <failure type="org.openqa.selenium.ElementClickInterceptedException" message="element click intercepted: Element &amp;lt;a class=&amp;quot;...Password&amp;quot; href=&amp;quot;#&amp;quot; id=&amp;quot;showPasswordButton&amp;quot;&amp;gt;show&amp;lt;/a&amp;gt; is not clickable at point (397, 443). Other element would receive the click: &amp;lt;button id=&amp;quot;onetrust-pc-btn-handler&amp;quot; aria-label=&amp;quot;..., Opens the preference center dialog&amp;quot; class=&amp;quot;cookie-setting-link&amp;quot;&amp;gt;MANUALLY MANAGE COOKIES&amp;lt;/button&amp;gt;
  (Session info: chrome=141.0.7390.67)
Build info: version: &amp;apos;4.35.0&amp;apos;, revision: &amp;apos;1c58e5028b&amp;apos;
System info: os.name: &amp;apos;Windows 11&amp;apos;, os.arch: &amp;apos;amd64&amp;apos;, os.version: &amp;apos;10.0&amp;apos;, java.version: &amp;apos;23.0.1&amp;apos;
Driver info: org.openqa.selenium.chrome.ChromeDriver
Command: [605c89a6d5f920618b0156284399d3ca, clickElement {id=f.BC22D8733FEE08F592BDDCBF48015C5A.d.3EF4313EC8AA8AA1BEF7765B2F0812A7.e.29}]
Capabilities {acceptInsecureCerts: false, browserName: chrome, browserVersion: 141.0.7390.67, chrome: {chromedriverVersion: 141.0.7390.78 (2b53b0e231fc..., userDataDir: C:\Users\sayali\AppData\Loc...}, fedcm:accounts: true, goog:chromeOptions: {debuggerAddress: localhost:64196}, networkConnectionEnabled: false, pageLoadStrategy: normal, platformName: windows, proxy: Proxy(), se:cdp: ws://localhost:64196/devtoo..., se:cdpVersion: 141.0.7390.67, setWindowRect: true, strictFileInteractability: false, timeouts: {implicit: 0, pageLoad: 300000, script: 30000}, unhandledPromptBehavior: dismiss and notify, webauthn:extension:credBlob: true, webauthn:extension:largeBlob: true, webauthn:extension:minPinLength: true, webauthn:extension:prf: true, webauthn:virtualAuthenticators: true}
Element: [[ChromeDriver: chrome on windows (605c89a6d5f920618b0156284399d3ca)] -&amp;gt; css selector: a[id=&amp;quot;showPasswordButton&amp;quot;]]
Session ID: 605c89a6d5f920618b0156284399d3ca">
      <![CDATA[org.openqa.selenium.ElementClickInterceptedException: element click intercepted: Element <a class="...Password" href="#" id="showPasswordButton">show</a> is not clickable at point (397, 443). Other element would receive the click: <button id="onetrust-pc-btn-handler" aria-label="..., Opens the preference center dialog" class="cookie-setting-link">MANUALLY MANAGE COOKIES</button>
  (Session info: chrome=141.0.7390.67)
Build info: version: '4.35.0', revision: '1c58e5028b'
System info: os.name: 'Windows 11', os.arch: 'amd64', os.version: '10.0', java.version: '23.0.1'
Driver info: org.openqa.selenium.chrome.ChromeDriver
Command: [605c89a6d5f920618b0156284399d3ca, clickElement {id=f.BC22D8733FEE08F592BDDCBF48015C5A.d.3EF4313EC8AA8AA1BEF7765B2F0812A7.e.29}]
Capabilities {acceptInsecureCerts: false, browserName: chrome, browserVersion: 141.0.7390.67, chrome: {chromedriverVersion: 141.0.7390.78 (2b53b0e231fc..., userDataDir: C:\Users\sayali\AppData\Loc...}, fedcm:accounts: true, goog:chromeOptions: {debuggerAddress: localhost:64196}, networkConnectionEnabled: false, pageLoadStrategy: normal, platformName: windows, proxy: Proxy(), se:cdp: ws://localhost:64196/devtoo..., se:cdpVersion: 141.0.7390.67, setWindowRect: true, strictFileInteractability: false, timeouts: {implicit: 0, pageLoad: 300000, script: 30000}, unhandledPromptBehavior: dismiss and notify, webauthn:extension:credBlob: true, webauthn:extension:largeBlob: true, webauthn:extension:minPinLength: true, webauthn:extension:prf: true, webauthn:virtualAuthenticators: true}
Element: [[ChromeDriver: chrome on windows (605c89a6d5f920618b0156284399d3ca)] -> css selector: a[id="showPasswordButton"]]
Session ID: 605c89a6d5f920618b0156284399d3ca
at org.openqa.selenium.remote.ErrorCodec.decode(ErrorCodec.java:167)
at org.openqa.selenium.remote.codec.w3c.W3CHttpResponseCodec.decode(W3CHttpResponseCodec.java:138)
at org.openqa.selenium.remote.codec.w3c.W3CHttpResponseCodec.decode(W3CHttpResponseCodec.java:50)
at org.openqa.selenium.remote.HttpCommandExecutor.execute(HttpCommandExecutor.java:215)
at org.openqa.selenium.remote.service.DriverCommandExecutor.invokeExecute(DriverCommandExecutor.java:216)
at org.openqa.selenium.remote.service.DriverCommandExecutor.execute(DriverCommandExecutor.java:174)
at org.openqa.selenium.remote.RemoteWebDriver.execute(RemoteWebDriver.java:557)
at org.openqa.selenium.remote.RemoteWebElement.execute(RemoteWebElement.java:223)
at org.openqa.selenium.remote.RemoteWebElement.click(RemoteWebElement.java:76)
at com.next.pages.ProjectObjectModel.showPasswordButton(ProjectObjectModel.java:180)
at com.next.test.LoginTest.loginWithValidCredentials(LoginTest.java:43)
at java.base/java.util.ArrayList.forEach(ArrayList.java:1597)
... Removed 28 stack frames]]>
    </failure>
  </testcase> <!-- loginWithValidCredentials -->
</testsuite> <!-- Chrome Test -->
