<?xml version="1.0" encoding="UTF-8"?>
<!-- Generated by org.testng.reporters.JUnitXMLReporter -->
<testsuite ignored="1" hostname="DESKTOP-NIF8HM7" failures="0" tests="1" name="Regression" time="0.071" errors="0" timestamp="2025-10-13T15:06:35 IST">
  <testcase classname="com.next.test.ProductDetailsTest" name="verifyHomepageLoadTime" time="0.022"/>
  <testcase classname="com.next.test.ProductDetailsTest" name="verifyProductDetails" time="0.0">
    <ignored/>
  </testcase> <!-- verifyProductDetails -->
</testsuite> <!-- Regression -->
