<?xml version="1.0" encoding="UTF-8"?>
<!-- Generated by org.testng.reporters.JUnitXMLReporter -->
<testsuite ignored="1" hostname="DESKTOP-NIF8HM7" failures="1" tests="1" name="RegressionTestCases" time="0.082" errors="0" timestamp="2025-10-13T16:34:25 IST">
  <testcase classname="com.next.test.ProductDetailsTest" name="verifyProductDetails" time="0.022">
    <failure type="java.lang.NullPointerException" message="Cannot invoke &amp;quot;org.openqa.selenium.remote.RemoteWebDriver.get(String)&amp;quot; because &amp;quot;this.driver&amp;quot; is null">
      <![CDATA[java.lang.NullPointerException: Cannot invoke "org.openqa.selenium.remote.RemoteWebDriver.get(String)" because "this.driver" is null
at com.next.test.ProductDetailsTest.verifyProductDetails(ProductDetailsTest.java:31)
at java.base/java.util.ArrayList.forEach(ArrayList.java:1597)
... Removed 25 stack frames]]>
    </failure>
  </testcase> <!-- verifyProductDetails -->
  <testcase classname="com.next.test.ProductDetailsTest" name="verifyHomepageLoadTime" time="0.0">
    <ignored/>
  </testcase> <!-- verifyHomepageLoadTime -->
</testsuite> <!-- RegressionTestCases -->
