<?xml version="1.0" encoding="UTF-8"?>
<!-- Generated by org.testng.reporters.JUnitXMLReporter -->
<testsuite ignored="0" hostname="DESKTOP-NIF8HM7" failures="0" tests="5" name="Test" time="0.573" errors="0" timestamp="2025-10-15T15:15:44 IST">
  <testcase classname="com.next.base.BaseTest" name="@BeforeMethod setup" time="-1.760521544527E9">
    <failure type="org.testng.TestNGException" message="
Parameter &amp;apos;browser-name&amp;apos; is required by BeforeMethod on method setup but has not been marked @Optional or defined
in C:\Workspace\Java Programming\NextCoUk\testng.xml">
      <![CDATA[org.testng.TestNGException: 
Parameter 'browser-name' is required by BeforeMethod on method setup but has not been marked @Optional or defined
in C:\Workspace\Java Programming\NextCoUk\testng.xml
at java.base/java.util.ArrayList.forEach(ArrayList.java:1597)
... Removed 28 stack frames]]>
    </failure>
  </testcase> <!-- @BeforeMethod setup -->
  <testcase classname="com.next.base.BaseTest" name="@AfterMethod tearDown" time="0.0">
    <skipped/>
  </testcase> <!-- @AfterMethod tearDown -->
  <testcase classname="com.next.base.BaseTest" name="@BeforeMethod setup" time="-1.760521544858E9">
    <failure type="org.testng.TestNGException" message="
Parameter &amp;apos;browser-name&amp;apos; is required by BeforeMethod on method setup but has not been marked @Optional or defined
in C:\Workspace\Java Programming\NextCoUk\testng.xml">
      <![CDATA[org.testng.TestNGException: 
Parameter 'browser-name' is required by BeforeMethod on method setup but has not been marked @Optional or defined
in C:\Workspace\Java Programming\NextCoUk\testng.xml
at java.base/java.util.ArrayList.forEach(ArrayList.java:1597)
... Removed 28 stack frames]]>
    </failure>
  </testcase> <!-- @BeforeMethod setup -->
  <testcase classname="com.next.base.BaseTest" name="@AfterMethod tearDown" time="0.0">
    <skipped/>
  </testcase> <!-- @AfterMethod tearDown -->
  <testcase classname="com.next.base.BaseTest" name="@BeforeMethod setup" time="0.0">
    <skipped/>
  </testcase> <!-- @BeforeMethod setup -->
  <testcase classname="com.next.base.BaseTest" name="@AfterMethod tearDown" time="0.0">
    <skipped/>
  </testcase> <!-- @AfterMethod tearDown -->
  <testcase classname="com.next.base.BaseTest" name="@BeforeMethod setup" time="0.0">
    <skipped/>
  </testcase> <!-- @BeforeMethod setup -->
  <testcase classname="com.next.base.BaseTest" name="@AfterMethod tearDown" time="0.0">
    <skipped/>
  </testcase> <!-- @AfterMethod tearDown -->
  <testcase classname="com.next.base.BaseTest" name="@BeforeMethod setup" time="-1.760521544932E9">
    <failure type="org.testng.TestNGException" message="
Parameter &amp;apos;browser-name&amp;apos; is required by BeforeMethod on method setup but has not been marked @Optional or defined
in C:\Workspace\Java Programming\NextCoUk\testng.xml">
      <![CDATA[org.testng.TestNGException: 
Parameter 'browser-name' is required by BeforeMethod on method setup but has not been marked @Optional or defined
in C:\Workspace\Java Programming\NextCoUk\testng.xml
at java.base/java.util.ArrayList.forEach(ArrayList.java:1597)
... Removed 28 stack frames]]>
    </failure>
  </testcase> <!-- @BeforeMethod setup -->
  <testcase classname="com.next.base.BaseTest" name="@AfterMethod tearDown" time="0.0">
    <skipped/>
  </testcase> <!-- @AfterMethod tearDown -->
  <testcase classname="com.next.test.TC_AddToFavouritesSimple" name="verifyMultipleProductsAddedToFavourites" time="0.001">
    <skipped/>
  </testcase> <!-- verifyMultipleProductsAddedToFavourites -->
  <testcase classname="com.next.test.ProductDetailsTest" name="verifyAddToBagFunctionality" time="0.0">
    <skipped/>
  </testcase> <!-- verifyAddToBagFunctionality -->
  <testcase classname="com.next.test.ProductDetailsTest" name="verifyHomepageLoadTime" time="0.0">
    <skipped/>
  </testcase> <!-- verifyHomepageLoadTime -->
  <testcase classname="com.next.test.ProductDetailsTest" name="verifyProductDetails" time="0.0">
    <skipped/>
  </testcase> <!-- verifyProductDetails -->
  <testcase classname="com.next.test.LoginTest" name="loginUsingCssSelectors" time="0.0">
    <skipped/>
  </testcase> <!-- loginUsingCssSelectors -->
</testsuite> <!-- Test -->
