<?xml version="1.0" encoding="UTF-8"?>
<!-- Generated by org.testng.reporters.JUnitXMLReporter -->
<testsuite ignored="0" hostname="DESKTOP-NIF8HM7" failures="1" tests="1" name="Firefox Test" time="99.711" errors="0" timestamp="2025-10-15T14:49:44 IST">
  <testcase classname="com.next.test.ProductDetailsTest" name="verifyAddToBagFunctionality" time="83.238">
    <failure type="org.openqa.selenium.ElementClickInterceptedException" message="Element &amp;lt;button id=&amp;quot;:R9j69qlbedlqqd6:&amp;quot; class=&amp;quot;MuiButtonBase-root MuiButton-root MuiLoadingButton-root MuiButton-contained MuiButton-containedPrimary MuiButton-sizeMedium MuiButton-containedSizeMedium MuiButton-colorPrimary MuiButton-fullWidth MuiButton-root MuiLoadingButton-root MuiButton-contained MuiButton-containedPrimary MuiButton-sizeMedium MuiButton-containedSizeMedium MuiButton-colorPrimary MuiButton-fullWidth pdp-item-button  pdp-css-j9db1u&amp;quot; type=&amp;quot;submit&amp;quot;&amp;gt; is not clickable at point (1185,729) because another element &amp;lt;div class=&amp;quot;MuiBackdrop-root MuiBackdrop-invisible MuiModal-backdrop pdp-css-esi9ax&amp;quot;&amp;gt; obscures it
Build info: version: &amp;apos;4.35.0&amp;apos;, revision: &amp;apos;1c58e5028b&amp;apos;
System info: os.name: &amp;apos;Windows 11&amp;apos;, os.arch: &amp;apos;amd64&amp;apos;, os.version: &amp;apos;10.0&amp;apos;, java.version: &amp;apos;23.0.1&amp;apos;
Driver info: org.openqa.selenium.firefox.FirefoxDriver
Command: [bce8b59c-57c4-4781-ac98-22d25eb7fe0b, clickElement {id=5e3a3e27-ed18-4574-a7f4-3b1d49d73261}]
Capabilities {acceptInsecureCerts: true, browserName: firefox, browserVersion: 143.0.4, moz:accessibilityChecks: false, moz:buildID: 20251003115653, moz:geckodriverVersion: 0.36.0, moz:headless: false, moz:platformVersion: 10.0, moz:processID: 1788, moz:profile: C:\Users\sayali\AppData\Loc..., moz:shutdownTimeout: 60000, moz:webdriverClick: true, moz:windowless: false, pageLoadStrategy: normal, platformName: windows, proxy: Proxy(), setWindowRect: true, strictFileInteractability: false, timeouts: {implicit: 0, pageLoad: 300000, script: 30000}, unhandledPromptBehavior: dismiss and notify, userAgent: Mozilla/5.0 (Windows NT 10....}
Element: [[FirefoxDriver: firefox on windows (bce8b59c-57c4-4781-ac98-22d25eb7fe0b)] -&amp;gt; css selector: button[data-testid=&amp;quot;item-form-addToBag-button&amp;quot;]]
Session ID: bce8b59c-57c4-4781-ac98-22d25eb7fe0b">
      <![CDATA[org.openqa.selenium.ElementClickInterceptedException: Element <button id=":R9j69qlbedlqqd6:" class="MuiButtonBase-root MuiButton-root MuiLoadingButton-root MuiButton-contained MuiButton-containedPrimary MuiButton-sizeMedium MuiButton-containedSizeMedium MuiButton-colorPrimary MuiButton-fullWidth MuiButton-root MuiLoadingButton-root MuiButton-contained MuiButton-containedPrimary MuiButton-sizeMedium MuiButton-containedSizeMedium MuiButton-colorPrimary MuiButton-fullWidth pdp-item-button  pdp-css-j9db1u" type="submit"> is not clickable at point (1185,729) because another element <div class="MuiBackdrop-root MuiBackdrop-invisible MuiModal-backdrop pdp-css-esi9ax"> obscures it
Build info: version: '4.35.0', revision: '1c58e5028b'
System info: os.name: 'Windows 11', os.arch: 'amd64', os.version: '10.0', java.version: '23.0.1'
Driver info: org.openqa.selenium.firefox.FirefoxDriver
Command: [bce8b59c-57c4-4781-ac98-22d25eb7fe0b, clickElement {id=5e3a3e27-ed18-4574-a7f4-3b1d49d73261}]
Capabilities {acceptInsecureCerts: true, browserName: firefox, browserVersion: 143.0.4, moz:accessibilityChecks: false, moz:buildID: 20251003115653, moz:geckodriverVersion: 0.36.0, moz:headless: false, moz:platformVersion: 10.0, moz:processID: 1788, moz:profile: C:\Users\sayali\AppData\Loc..., moz:shutdownTimeout: 60000, moz:webdriverClick: true, moz:windowless: false, pageLoadStrategy: normal, platformName: windows, proxy: Proxy(), setWindowRect: true, strictFileInteractability: false, timeouts: {implicit: 0, pageLoad: 300000, script: 30000}, unhandledPromptBehavior: dismiss and notify, userAgent: Mozilla/5.0 (Windows NT 10....}
Element: [[FirefoxDriver: firefox on windows (bce8b59c-57c4-4781-ac98-22d25eb7fe0b)] -> css selector: button[data-testid="item-form-addToBag-button"]]
Session ID: bce8b59c-57c4-4781-ac98-22d25eb7fe0b
at org.openqa.selenium.remote.ErrorCodec.decode(ErrorCodec.java:167)
at org.openqa.selenium.remote.codec.w3c.W3CHttpResponseCodec.decode(W3CHttpResponseCodec.java:138)
at org.openqa.selenium.remote.codec.w3c.W3CHttpResponseCodec.decode(W3CHttpResponseCodec.java:50)
at org.openqa.selenium.remote.HttpCommandExecutor.execute(HttpCommandExecutor.java:215)
at org.openqa.selenium.remote.service.DriverCommandExecutor.invokeExecute(DriverCommandExecutor.java:216)
at org.openqa.selenium.remote.service.DriverCommandExecutor.execute(DriverCommandExecutor.java:174)
at org.openqa.selenium.remote.RemoteWebDriver.execute(RemoteWebDriver.java:557)
at org.openqa.selenium.remote.RemoteWebElement.execute(RemoteWebElement.java:223)
at org.openqa.selenium.remote.RemoteWebElement.click(RemoteWebElement.java:76)
at com.next.pages.ProductPage.clickAddToBag(ProductPage.java:122)
at com.next.test.ProductDetailsTest.verifyAddToBagFunctionality(ProductDetailsTest.java:71)
at java.base/java.util.ArrayList.forEach(ArrayList.java:1597)
... Removed 32 stack frames]]>
    </failure>
  </testcase> <!-- verifyAddToBagFunctionality -->
</testsuite> <!-- Firefox Test -->
