<?xml version="1.0" encoding="UTF-8"?>
<!-- Generated by org.testng.reporters.JUnitXMLReporter -->
<testsuite ignored="0" hostname="DESKTOP-NIF8HM7" failures="0" tests="3" name="Test" time="0.449" errors="0" timestamp="2025-10-15T16:17:34 IST">
  <testcase classname="com.next.base.BaseTest" name="@BeforeMethod setup" time="-1.760525254128E9">
    <failure type="org.testng.TestNGException" message="
Parameter &amp;apos;browser-name&amp;apos; is required by BeforeMethod on method setup but has not been marked @Optional or defined
in C:\Workspace\Java Programming\NextCoUk\testng.xml">
      <![CDATA[org.testng.TestNGException: 
Parameter 'browser-name' is required by BeforeMethod on method setup but has not been marked @Optional or defined
in C:\Workspace\Java Programming\NextCoUk\testng.xml
at java.base/java.util.ArrayList.forEach(ArrayList.java:1597)
... Removed 32 stack frames]]>
    </failure>
  </testcase> <!-- @BeforeMethod setup -->
  <testcase classname="com.next.base.BaseTest" name="@AfterMethod tearDown" time="0.0">
    <skipped/>
  </testcase> <!-- @AfterMethod tearDown -->
  <testcase classname="com.next.base.BaseTest" name="@BeforeMethod setup" time="-1.760525254441E9">
    <failure type="org.testng.TestNGException" message="
Parameter &amp;apos;browser-name&amp;apos; is required by BeforeMethod on method setup but has not been marked @Optional or defined
in C:\Workspace\Java Programming\NextCoUk\testng.xml">
      <![CDATA[org.testng.TestNGException: 
Parameter 'browser-name' is required by BeforeMethod on method setup but has not been marked @Optional or defined
in C:\Workspace\Java Programming\NextCoUk\testng.xml
at java.base/java.util.ArrayList.forEach(ArrayList.java:1597)
... Removed 32 stack frames]]>
    </failure>
  </testcase> <!-- @BeforeMethod setup -->
  <testcase classname="com.next.base.BaseTest" name="@AfterMethod tearDown" time="0.0">
    <skipped/>
  </testcase> <!-- @AfterMethod tearDown -->
  <testcase classname="com.next.base.BaseTest" name="@BeforeMethod setup" time="-1.760525254458E9">
    <failure type="org.testng.TestNGException" message="
Parameter &amp;apos;browser-name&amp;apos; is required by BeforeMethod on method setup but has not been marked @Optional or defined
in C:\Workspace\Java Programming\NextCoUk\testng.xml">
      <![CDATA[org.testng.TestNGException: 
Parameter 'browser-name' is required by BeforeMethod on method setup but has not been marked @Optional or defined
in C:\Workspace\Java Programming\NextCoUk\testng.xml
at java.base/java.util.ArrayList.forEach(ArrayList.java:1597)
... Removed 32 stack frames]]>
    </failure>
  </testcase> <!-- @BeforeMethod setup -->
  <testcase classname="com.next.base.BaseTest" name="@AfterMethod tearDown" time="0.0">
    <skipped/>
  </testcase> <!-- @AfterMethod tearDown -->
  <testcase classname="com.next.test.TC_AddToFavouritesSimple" name="verifyMultipleProductsAddedToFavourites" time="0.0">
    <skipped/>
  </testcase> <!-- verifyMultipleProductsAddedToFavourites -->
  <testcase classname="com.next.test.ProductDetailsTest" name="verifyAddToBagFunctionality" time="0.001">
    <skipped/>
  </testcase> <!-- verifyAddToBagFunctionality -->
  <testcase classname="com.next.test.LoginTest" name="loginUsingCssSelectors" time="0.0">
    <skipped/>
  </testcase> <!-- loginUsingCssSelectors -->
</testsuite> <!-- Test -->
